<?xml version="1.0" encoding="UTF-8"?>
<testsuite name="com.example.android.popularmovies.ExampleUnitTest" tests="1" skipped="0" failures="0" errors="0" timestamp="2016-06-06T19:27:52" hostname="Johns-MacBook-Pro.local" time="0.0">
  <properties/>
  <testcase name="addition_isCorrect" classname="com.example.android.popularmovies.ExampleUnitTest" time="0.0"/>
  <system-out><![CDATA[]]></system-out>
  <system-err><![CDATA[]]></system-err>
</testsuite>
